<?xml version="1.0" encoding="UTF-8"?>
<testng-results ignored="0" total="1" passed="1" failed="0" skipped="0">
  <reporter-output>
  </reporter-output>
  <suite started-at="2023-03-24T14:35:22 IST" name="Default suite" finished-at="2023-03-24T14:35:22 IST" duration-ms="72">
    <groups>
    </groups>
    <test started-at="2023-03-24T14:35:22 IST" name="Default test" finished-at="2023-03-24T14:35:22 IST" duration-ms="72">
      <class name="Practice.Sample1Test">
        <test-method signature="Sample()[pri:0, instance:Practice.Sample1Test@d4342c2]" started-at="2023-03-24T14:35:22 IST" name="Sample" finished-at="2023-03-24T14:35:22 IST" duration-ms="11" status="PASS">
          <reporter-output>
          </reporter-output>
        </test-method> <!-- Sample -->
      </class> <!-- Practice.Sample1Test -->
    </test> <!-- Default test -->
  </suite> <!-- Default suite -->
</testng-results>
