<?xml version="1.0" encoding="UTF-8"?>
<testng-results ignored="0" total="1" passed="1" failed="0" skipped="0">
  <reporter-output>
  </reporter-output>
  <suite started-at="2023-03-24T13:54:38 IST" name="Default suite" finished-at="2023-03-24T13:54:38 IST" duration-ms="74">
    <groups>
    </groups>
    <test started-at="2023-03-24T13:54:38 IST" name="Default test" finished-at="2023-03-24T13:54:38 IST" duration-ms="74">
      <class name="Practice.Sampletest">
        <test-method signature="Demo()[pri:0, instance:Practice.Sampletest@d4342c2]" started-at="2023-03-24T13:54:38 IST" name="Demo" finished-at="2023-03-24T13:54:38 IST" duration-ms="14" status="PASS">
          <reporter-output>
          </reporter-output>
        </test-method> <!-- Demo -->
      </class> <!-- Practice.Sampletest -->
    </test> <!-- Default test -->
  </suite> <!-- Default suite -->
</testng-results>
